<?xml version="1.0" encoding="UTF-8"?>
<testsuite name="Matrix" tests="4" skipped="0" failures="0" errors="0" timestamp="2021-03-28T09:23:09" hostname="LAPTOP-QV2I5QRR" time="0.562">
  <properties/>
  <testcase name="Determinant" classname="Matrix" time="0.538"/>
  <testcase name="Transpose" classname="Matrix" time="0.013"/>
  <testcase name="Inverse" classname="Matrix" time="0.005"/>
  <testcase name="Cofactor" classname="Matrix" time="0.005"/>
  <system-out><![CDATA[]]></system-out>
  <system-err><![CDATA[]]></system-err>
</testsuite>
